c:\users\jk\desktop\c++자료\채점 프로그램\채점 프로그램\x64\debug\vc142.pdb
c:\users\jk\desktop\c++자료\채점 프로그램\채점 프로그램\x64\debug\vc142.idb
c:\users\jk\desktop\c++자료\채점 프로그램\채점 프로그램\x64\debug\main.obj
c:\users\jk\desktop\c++자료\채점 프로그램\채점 프로그램\x64\debug\grade.obj
c:\users\jk\desktop\c++자료\채점 프로그램\x64\debug\채점 프로그램.exe
c:\users\jk\desktop\c++자료\채점 프로그램\채점 프로그램\x64\debug\채점 프로그램.ilk
c:\users\jk\desktop\c++자료\채점 프로그램\x64\debug\채점 프로그램.pdb
c:\users\jk\desktop\c++자료\marking_program\채점 프로그램\x64\debug\grade.obj
c:\users\jk\desktop\c++자료\marking_program\채점 프로그램\x64\debug\main.obj
c:\users\jk\desktop\c++자료\marking_program\채점 프로그램\x64\debug\grade.obj.enc
c:\users\jk\desktop\c++자료\marking_program\채점 프로그램\x64\debug\채점 프로그램.ilk
c:\users\jk\desktop\c++자료\marking_program\채점 프로그램\x64\debug\vc142.idb
c:\users\jk\desktop\c++자료\marking_program\채점 프로그램\x64\debug\vc143.idb
c:\users\jk\desktop\c++자료\marking_program\채점 프로그램\x64\debug\vc142.pdb
c:\users\jk\desktop\c++자료\marking_program\채점 프로그램\x64\debug\vc143.pdb
c:\users\jk\desktop\c++자료\marking_program\x64\debug\채점 프로그램.pdb
c:\users\jk\desktop\c++자료\marking_program\x64\debug\채점 프로그램.exe
c:\users\jk\desktop\c++자료\marking_program\채점 프로그램\x64\debug\채점 프로그램.tlog\cl.command.1.tlog
c:\users\jk\desktop\c++자료\marking_program\채점 프로그램\x64\debug\채점 프로그램.tlog\cl.read.1.tlog
c:\users\jk\desktop\c++자료\marking_program\채점 프로그램\x64\debug\채점 프로그램.tlog\cl.write.1.tlog
c:\users\jk\desktop\c++자료\marking_program\채점 프로그램\x64\debug\채점 프로그램.tlog\link.command.1.tlog
c:\users\jk\desktop\c++자료\marking_program\채점 프로그램\x64\debug\채점 프로그램.tlog\link.read.1.tlog
c:\users\jk\desktop\c++자료\marking_program\채점 프로그램\x64\debug\채점 프로그램.tlog\link.write.1.tlog
